<?xml version="1.0" encoding="UTF-8"?>
<testng-results ignored="0" total="1" passed="1" failed="0" skipped="0">
  <reporter-output>
  </reporter-output>
  <suite started-at="2023-07-22T11:57:49 IST" name="Default suite" finished-at="2023-07-22T11:57:51 IST" duration-ms="1776">
    <groups>
    </groups>
    <test started-at="2023-07-22T11:57:49 IST" name="Default test" finished-at="2023-07-22T11:57:51 IST" duration-ms="1776">
      <class name="Test_DELETE">
        <test-method signature="Test_Delete()[pri:0, instance:Test_DELETE@2b91004a]" started-at="2023-07-22T11:57:49 IST" name="Test_Delete" finished-at="2023-07-22T11:57:51 IST" duration-ms="1736" status="PASS">
          <reporter-output>
          </reporter-output>
        </test-method> <!-- Test_Delete -->
      </class> <!-- Test_DELETE -->
    </test> <!-- Default test -->
  </suite> <!-- Default suite -->
</testng-results>
